<?xml version="1.0" encoding="UTF-8"?>
<!-- Generated by org.testng.reporters.JUnitXMLReporter -->
<testsuite hostname="PBLAP802" name="Test" tests="4" failures="0" timestamp="3 Aug 2018 06:32:56 GMT" time="0.026" errors="0">
  <testcase name="div" time="0.008" classname="core.Mavenfirst"/>
  <testcase name="multi" time="0.0" classname="core.Mavenfirst"/>
  <testcase name="sub" time="0.0" classname="core.Mavenfirst"/>
  <testcase name="sum" time="0.0" classname="core.Mavenfirst"/>
</testsuite> <!-- Test -->
