<?xml version="1.0" encoding="UTF-8"?>
<testng-results skipped="0" failed="0" total="4" passed="4">
  <reporter-output>
  </reporter-output>
  <suite name="Suite" duration-ms="23" started-at="2018-08-02T10:08:50Z" finished-at="2018-08-02T10:08:50Z">
    <groups>
    </groups>
    <test name="Test" duration-ms="23" started-at="2018-08-02T10:08:50Z" finished-at="2018-08-02T10:08:50Z">
      <class name="core.Mavenfirst">
        <test-method status="PASS" signature="div()[pri:0, instance:core.Mavenfirst@7ca48474]" name="div" duration-ms="8" started-at="2018-08-02T15:38:50Z" finished-at="2018-08-02T15:38:50Z">
          <reporter-output>
          </reporter-output>
        </test-method> <!-- div -->
        <test-method status="PASS" signature="multi()[pri:0, instance:core.Mavenfirst@7ca48474]" name="multi" duration-ms="1" started-at="2018-08-02T15:38:50Z" finished-at="2018-08-02T15:38:50Z">
          <reporter-output>
          </reporter-output>
        </test-method> <!-- multi -->
        <test-method status="PASS" signature="sum()[pri:0, instance:core.Mavenfirst@7ca48474]" name="sum" duration-ms="1" started-at="2018-08-02T15:38:50Z" finished-at="2018-08-02T15:38:50Z">
          <reporter-output>
          </reporter-output>
        </test-method> <!-- sum -->
        <test-method status="PASS" signature="sub()[pri:0, instance:core.Mavenfirst@7ca48474]" name="sub" duration-ms="0" started-at="2018-08-02T15:38:50Z" finished-at="2018-08-02T15:38:50Z">
          <reporter-output>
          </reporter-output>
        </test-method> <!-- sub -->
      </class> <!-- core.Mavenfirst -->
    </test> <!-- Test -->
  </suite> <!-- Suite -->
</testng-results>
