<?xml version="1.0" encoding="UTF-8"?>
<testng-results skipped="0" failed="0" total="4" passed="4">
  <reporter-output>
  </reporter-output>
  <suite name="Suite" duration-ms="62" started-at="2018-08-03T06:59:11Z" finished-at="2018-08-03T06:59:11Z">
    <groups>
    </groups>
    <test name="Test" duration-ms="62" started-at="2018-08-03T06:59:11Z" finished-at="2018-08-03T06:59:11Z">
      <class name="core.Mavenfirst">
        <test-method status="PASS" signature="div()[pri:0, instance:core.Mavenfirst@5442a311]" name="div" duration-ms="22" started-at="2018-08-03T12:29:11Z" finished-at="2018-08-03T12:29:11Z">
          <reporter-output>
          </reporter-output>
        </test-method> <!-- div -->
        <test-method status="PASS" signature="multi()[pri:0, instance:core.Mavenfirst@5442a311]" name="multi" duration-ms="4" started-at="2018-08-03T12:29:11Z" finished-at="2018-08-03T12:29:11Z">
          <reporter-output>
          </reporter-output>
        </test-method> <!-- multi -->
        <test-method status="PASS" signature="sub()[pri:0, instance:core.Mavenfirst@5442a311]" name="sub" duration-ms="2" started-at="2018-08-03T12:29:11Z" finished-at="2018-08-03T12:29:11Z">
          <reporter-output>
          </reporter-output>
        </test-method> <!-- sub -->
        <test-method status="PASS" signature="sum()[pri:0, instance:core.Mavenfirst@5442a311]" name="sum" duration-ms="1" started-at="2018-08-03T12:29:11Z" finished-at="2018-08-03T12:29:11Z">
          <reporter-output>
          </reporter-output>
        </test-method> <!-- sum -->
      </class> <!-- core.Mavenfirst -->
    </test> <!-- Test -->
  </suite> <!-- Suite -->
</testng-results>
