<?xml version="1.0" encoding="UTF-8"?>
<testng-results skipped="0" failed="0" total="4" passed="4">
  <reporter-output>
  </reporter-output>
  <suite name="Default suite" duration-ms="40" started-at="2018-08-02T07:15:41Z" finished-at="2018-08-02T07:15:41Z">
    <groups>
    </groups>
    <test name="Default test" duration-ms="40" started-at="2018-08-02T07:15:41Z" finished-at="2018-08-02T07:15:41Z">
      <class name="core.Mavenfirst">
        <test-method status="PASS" signature="div()[pri:0, instance:core.Mavenfirst@6d78f375]" name="div" duration-ms="12" started-at="2018-08-02T12:45:41Z" finished-at="2018-08-02T12:45:41Z">
          <reporter-output>
          </reporter-output>
        </test-method> <!-- div -->
        <test-method status="PASS" signature="multi()[pri:0, instance:core.Mavenfirst@6d78f375]" name="multi" duration-ms="2" started-at="2018-08-02T12:45:41Z" finished-at="2018-08-02T12:45:41Z">
          <reporter-output>
          </reporter-output>
        </test-method> <!-- multi -->
        <test-method status="PASS" signature="sub()[pri:0, instance:core.Mavenfirst@6d78f375]" name="sub" duration-ms="1" started-at="2018-08-02T12:45:41Z" finished-at="2018-08-02T12:45:41Z">
          <reporter-output>
          </reporter-output>
        </test-method> <!-- sub -->
        <test-method status="PASS" signature="sum()[pri:0, instance:core.Mavenfirst@6d78f375]" name="sum" duration-ms="3" started-at="2018-08-02T12:45:41Z" finished-at="2018-08-02T12:45:41Z">
          <reporter-output>
          </reporter-output>
        </test-method> <!-- sum -->
      </class> <!-- core.Mavenfirst -->
    </test> <!-- Default test -->
  </suite> <!-- Default suite -->
</testng-results>
